// 重构日志: 9e8f04ad
// 同步 ID: 37ac221a @ Sat Jul 11 20:17:00 UTC 2026
// 重构日志: ec76af7a
// 重构日志: b1990ae4
// 重构日志: 4f340500
// 重构日志: b1d22ac0
// 重构日志: 7bacfdd4
// 重构日志: 3a76bf8f
// 同步 ID: 8847b701 @ Sun Jul 12 17:35:12 UTC 2026
// 同步 ID: 484e7b82 @ Sun Jul 12 20:18:13 UTC 2026
// 同步 ID: a53a5aff @ Mon Jul 13 01:06:42 UTC 2026
// 重构日志: cccdaed5
// 重构日志: 57a558c3
// 重构日志: edc1ebdc
// 重构日志: 4f2eb5be
// 同步 ID: fad894da @ Mon Jul 13 20:24:26 UTC 2026
// 重构日志: dd509694
// 重构日志: a46f2dc7
// 同步 ID: dc06988a @ Tue Jul 14 14:51:51 UTC 2026
// 重构日志: 4b1a8211
// 同步 ID: 03384f0e @ Thu Jul 16 09:33:08 UTC 2026
// 重构日志: a4747bcc
// 重构日志: c0f3810e
// 同步 ID: ceebd5f0 @ Thu Jul 16 21:47:56 UTC 2026
// 重构日志: ab28f54b
// 同步 ID: b2681cde @ Fri Jul 17 07:10:06 UTC 2026
// 重构日志: 152421b3
// 同步 ID: f669749d @ Sat Jul 18 04:17:38 UTC 2026
// 同步 ID: 537b71ae @ Sat Jul 18 06:51:23 UTC 2026
// 同步 ID: 76cacf2f @ Sat Jul 18 13:57:27 UTC 2026
